/home/ubuntu/.virtualenvs/wishradioenv/local/lib/python2.7/site-packages/Mezzanine-1.4.5-py2.7.egg/mezzanine/utils/conf.py:48: UserWarning: You haven't defined the ALLOWED_HOSTS settings, which Django 1.5 requires. Will fall back to the domains configured as sites.
  warn("You haven't defined the ALLOWED_HOSTS settings, which "
/home/ubuntu/.virtualenvs/wishradioenv/local/lib/python2.7/site-packages/Mezzanine-1.4.5-py2.7.egg/mezzanine/utils/conf.py:48: UserWarning: You haven't defined the ALLOWED_HOSTS settings, which Django 1.5 requires. Will fall back to the domains configured as sites.
  warn("You haven't defined the ALLOWED_HOSTS settings, which "
[24/Nov/2013 22:52:57] "GET / HTTP/1.1" 200 51481
[24/Nov/2013 22:52:59] "GET /static/img/wishRadioLogo.png/ HTTP/1.1" 404 1621
[24/Nov/2013 22:53:08] "GET /users/ghadiwala_admin/ HTTP/1.1" 200 25351
[24/Nov/2013 22:53:10] "GET /static/img/1transparent.png HTTP/1.1" 301 0
[24/Nov/2013 22:53:10] "GET /get_wishlist/10/249/0/10/ HTTP/1.1" 200 18
[24/Nov/2013 22:53:10] "GET /activity/actstream_actor_subset/10/249/0/10/ HTTP/1.1" 200 159
[24/Nov/2013 22:53:10] "GET /static/img/wishRadioLogo.png/ HTTP/1.1" 404 1621
[24/Nov/2013 22:53:10] "GET /static/img/1transparent.png/ HTTP/1.1" 404 1619
[24/Nov/2013 22:53:17] "GET /login-form/?next=/users/ghadiwala_admin/ HTTP/1.1" 200 17547
[24/Nov/2013 22:53:19] "GET /static/img/wishRadioLogo.png HTTP/1.1" 301 0
[24/Nov/2013 22:53:19] "GET /static/img/wishRadioLogo.png/ HTTP/1.1" 404 1621
[24/Nov/2013 22:53:22] "GET /getvendors/All/All/ HTTP/1.1" 200 42933
[24/Nov/2013 22:53:23] "GET /static/img/1transparent.png HTTP/1.1" 301 0
[24/Nov/2013 22:53:24] "GET /static/img/wishRadioLogo.png/ HTTP/1.1" 404 1621
[24/Nov/2013 22:53:24] "GET /static/img/1transparent.png/ HTTP/1.1" 404 1619
/home/ubuntu/.virtualenvs/wishradioenv/local/lib/python2.7/site-packages/django/db/models/fields/__init__.py:808: RuntimeWarning: DateTimeField received a naive datetime (2013-11-24 17:23:27.868299) while time zone support is active.
  RuntimeWarning)
/home/ubuntu/.virtualenvs/wishradioenv/local/lib/python2.7/site-packages/django/db/models/fields/__init__.py:808: RuntimeWarning: DateTimeField received a naive datetime (2013-11-24 17:23:27.885064) while time zone support is active.
  RuntimeWarning)
/home/ubuntu/.virtualenvs/wishradioenv/local/lib/python2.7/site-packages/django/db/models/fields/__init__.py:808: RuntimeWarning: DateTimeField received a naive datetime (2013-11-24 17:23:27.902936) while time zone support is active.
  RuntimeWarning)
/home/ubuntu/.virtualenvs/wishradioenv/local/lib/python2.7/site-packages/django/db/models/fields/__init__.py:808: RuntimeWarning: DateTimeField received a naive datetime (2013-11-24 17:23:27.917022) while time zone support is active.
  RuntimeWarning)
/home/ubuntu/.virtualenvs/wishradioenv/local/lib/python2.7/site-packages/django/db/models/fields/__init__.py:808: RuntimeWarning: DateTimeField received a naive datetime (2013-11-24 17:23:27.930180) while time zone support is active.
  RuntimeWarning)
/home/ubuntu/.virtualenvs/wishradioenv/local/lib/python2.7/site-packages/django/db/models/fields/__init__.py:808: RuntimeWarning: DateTimeField received a naive datetime (2013-11-24 17:23:27.945751) while time zone support is active.
  RuntimeWarning)
/home/ubuntu/.virtualenvs/wishradioenv/local/lib/python2.7/site-packages/django/db/models/fields/__init__.py:808: RuntimeWarning: DateTimeField received a naive datetime (2013-11-24 17:23:27.961112) while time zone support is active.
  RuntimeWarning)
/home/ubuntu/.virtualenvs/wishradioenv/local/lib/python2.7/site-packages/django/db/models/fields/__init__.py:808: RuntimeWarning: DateTimeField received a naive datetime (2013-11-24 17:23:27.976977) while time zone support is active.
  RuntimeWarning)
/home/ubuntu/.virtualenvs/wishradioenv/local/lib/python2.7/site-packages/django/db/models/fields/__init__.py:808: RuntimeWarning: DateTimeField received a naive datetime (2013-11-24 17:23:27.990241) while time zone support is active.
  RuntimeWarning)
[24/Nov/2013 22:53:28] "GET /getvendors/All/All/?page=5 HTTP/1.1" 200 42573
[24/Nov/2013 22:53:29] "GET /static/img/wishRadioLogo.png/ HTTP/1.1" 404 1621
[24/Nov/2013 22:53:29] "GET /static/img/1transparent.png/ HTTP/1.1" 404 1619
/home/ubuntu/.virtualenvs/wishradioenv/local/lib/python2.7/site-packages/django/db/models/fields/__init__.py:808: RuntimeWarning: DateTimeField received a naive datetime (2013-11-24 17:23:35.081234) while time zone support is active.
  RuntimeWarning)
/home/ubuntu/.virtualenvs/wishradioenv/local/lib/python2.7/site-packages/django/db/models/fields/__init__.py:808: RuntimeWarning: DateTimeField received a naive datetime (2013-11-24 17:23:35.097357) while time zone support is active.
  RuntimeWarning)
/home/ubuntu/.virtualenvs/wishradioenv/local/lib/python2.7/site-packages/django/db/models/fields/__init__.py:808: RuntimeWarning: DateTimeField received a naive datetime (2013-11-24 17:23:35.112159) while time zone support is active.
  RuntimeWarning)
/home/ubuntu/.virtualenvs/wishradioenv/local/lib/python2.7/site-packages/django/db/models/fields/__init__.py:808: RuntimeWarning: DateTimeField received a naive datetime (2013-11-24 17:23:35.126525) while time zone support is active.
  RuntimeWarning)
/home/ubuntu/.virtualenvs/wishradioenv/local/lib/python2.7/site-packages/django/db/models/fields/__init__.py:808: RuntimeWarning: DateTimeField received a naive datetime (2013-11-24 17:23:35.142512) while time zone support is active.
  RuntimeWarning)
/home/ubuntu/.virtualenvs/wishradioenv/local/lib/python2.7/site-packages/django/db/models/fields/__init__.py:808: RuntimeWarning: DateTimeField received a naive datetime (2013-11-24 17:23:35.159186) while time zone support is active.
  RuntimeWarning)
/home/ubuntu/.virtualenvs/wishradioenv/local/lib/python2.7/site-packages/django/db/models/fields/__init__.py:808: RuntimeWarning: DateTimeField received a naive datetime (2013-11-24 17:23:35.174260) while time zone support is active.
  RuntimeWarning)
/home/ubuntu/.virtualenvs/wishradioenv/local/lib/python2.7/site-packages/django/db/models/fields/__init__.py:808: RuntimeWarning: DateTimeField received a naive datetime (2013-11-24 17:23:35.188084) while time zone support is active.
  RuntimeWarning)
/home/ubuntu/.virtualenvs/wishradioenv/local/lib/python2.7/site-packages/django/db/models/fields/__init__.py:808: RuntimeWarning: DateTimeField received a naive datetime (2013-11-24 17:23:35.201450) while time zone support is active.
  RuntimeWarning)
[24/Nov/2013 22:53:35] "GET /getvendors/All/All/?page=10 HTTP/1.1" 200 42756
[24/Nov/2013 22:53:36] "GET /static/img/wishRadioLogo.png/ HTTP/1.1" 404 1621
[24/Nov/2013 22:53:36] "GET /static/img/1transparent.png/ HTTP/1.1" 404 1619
/home/ubuntu/.virtualenvs/wishradioenv/local/lib/python2.7/site-packages/django/db/models/fields/__init__.py:808: RuntimeWarning: DateTimeField received a naive datetime (2013-11-24 17:23:39.165567) while time zone support is active.
  RuntimeWarning)
/home/ubuntu/.virtualenvs/wishradioenv/local/lib/python2.7/site-packages/django/db/models/fields/__init__.py:808: RuntimeWarning: DateTimeField received a naive datetime (2013-11-24 17:23:39.181805) while time zone support is active.
  RuntimeWarning)
/home/ubuntu/.virtualenvs/wishradioenv/local/lib/python2.7/site-packages/django/db/models/fields/__init__.py:808: RuntimeWarning: DateTimeField received a naive datetime (2013-11-24 17:23:39.195949) while time zone support is active.
  RuntimeWarning)
/home/ubuntu/.virtualenvs/wishradioenv/local/lib/python2.7/site-packages/django/db/models/fields/__init__.py:808: RuntimeWarning: DateTimeField received a naive datetime (2013-11-24 17:23:39.210492) while time zone support is active.
  RuntimeWarning)
/home/ubuntu/.virtualenvs/wishradioenv/local/lib/python2.7/site-packages/django/db/models/fields/__init__.py:808: RuntimeWarning: DateTimeField received a naive datetime (2013-11-24 17:23:39.225129) while time zone support is active.
  RuntimeWarning)
/home/ubuntu/.virtualenvs/wishradioenv/local/lib/python2.7/site-packages/django/db/models/fields/__init__.py:808: RuntimeWarning: DateTimeField received a naive datetime (2013-11-24 17:23:39.240910) while time zone support is active.
  RuntimeWarning)
/home/ubuntu/.virtualenvs/wishradioenv/local/lib/python2.7/site-packages/django/db/models/fields/__init__.py:808: RuntimeWarning: DateTimeField received a naive datetime (2013-11-24 17:23:39.254110) while time zone support is active.
  RuntimeWarning)
/home/ubuntu/.virtualenvs/wishradioenv/local/lib/python2.7/site-packages/django/db/models/fields/__init__.py:808: RuntimeWarning: DateTimeField received a naive datetime (2013-11-24 17:23:39.269869) while time zone support is active.
  RuntimeWarning)
/home/ubuntu/.virtualenvs/wishradioenv/local/lib/python2.7/site-packages/django/db/models/fields/__init__.py:808: RuntimeWarning: DateTimeField received a naive datetime (2013-11-24 17:23:39.283359) while time zone support is active.
  RuntimeWarning)
[24/Nov/2013 22:53:39] "GET /getvendors/All/All/?page=7 HTTP/1.1" 200 42458
[24/Nov/2013 22:53:40] "GET /static/img/wishRadioLogo.png/ HTTP/1.1" 404 1621
[24/Nov/2013 22:53:40] "GET /static/img/1transparent.png/ HTTP/1.1" 404 1619
[24/Nov/2013 22:54:15] "GET / HTTP/1.1" 200 51487
[24/Nov/2013 22:54:15] "GET /static/img/wishRadioLogo.png/ HTTP/1.1" 404 1621
[24/Nov/2013 22:54:16] "GET /static/img/wishRadioLogo.png/ HTTP/1.1" 404 1621
[24/Nov/2013 22:54:23] "GET /getvendors/All/All/ HTTP/1.1" 200 42941
[24/Nov/2013 22:54:23] "GET /static/img/wishRadioLogo.png/ HTTP/1.1" 404 1621
[24/Nov/2013 22:54:23] "GET /static/img/1transparent.png/ HTTP/1.1" 404 1619
[24/Nov/2013 22:54:24] "GET /static/img/wishRadioLogo.png/ HTTP/1.1" 404 1621
[24/Nov/2013 22:54:24] "GET /static/img/1transparent.png/ HTTP/1.1" 404 1619
[24/Nov/2013 23:29:33] "GET / HTTP/1.1" 200 51467
[24/Nov/2013 23:29:44] "GET /static/img/wishRadioLogo.png HTTP/1.1" 301 0
[24/Nov/2013 23:29:45] "GET /static/img/wishRadioLogo.png/ HTTP/1.1" 404 1621
[24/Nov/2013 23:30:13] "GET /Accessories/all/trendingreviews/0/10/ HTTP/1.1" 200 18
[24/Nov/2013 23:30:13] "GET /Accessories/all/trendingdeals/0/5/ HTTP/1.1" 200 18
[24/Nov/2013 23:30:13] "GET /Accessories/all/trendingstores/0/15/ HTTP/1.1" 200 1625
[24/Nov/2013 23:30:15] "GET /Electronics/all/trendingreviews/0/10/ HTTP/1.1" 200 18
[24/Nov/2013 23:30:15] "GET /Electronics/all/trendingdeals/0/5/ HTTP/1.1" 200 18
[24/Nov/2013 23:30:15] "GET /Electronics/all/trendingstores/0/15/ HTTP/1.1" 200 1619
[24/Nov/2013 23:30:16] "GET /Coupons/all/trendingreviews/0/10/ HTTP/1.1" 200 18
[24/Nov/2013 23:30:16] "GET /Coupons/all/trendingdeals/0/5/ HTTP/1.1" 200 18
[24/Nov/2013 23:30:16] "GET /Coupons/all/trendingstores/0/15/ HTTP/1.1" 200 18
[24/Nov/2013 23:30:18] "GET /Flowers,Cakes%20&%20Gifts/all/trendingreviews/0/10/ HTTP/1.1" 200 18
[24/Nov/2013 23:30:18] "GET /Flowers,Cakes%20&%20Gifts/all/trendingdeals/0/5/ HTTP/1.1" 200 18
[24/Nov/2013 23:30:18] "GET /Flowers,Cakes%20&%20Gifts/all/trendingstores/0/15/ HTTP/1.1" 200 1601
[24/Nov/2013 23:30:18] "GET /Fitness%20&%20Health,%20Sport/all/trendingreviews/0/10/ HTTP/1.1" 200 18
[24/Nov/2013 23:30:18] "GET /Fitness%20&%20Health,%20Sport/all/trendingdeals/0/5/ HTTP/1.1" 200 18
[24/Nov/2013 23:30:18] "GET /Fitness%20&%20Health,%20Sport/all/trendingstores/0/15/ HTTP/1.1" 200 1618
[24/Nov/2013 23:30:19] "GET /Entertainment/all/trendingreviews/0/10/ HTTP/1.1" 200 18
[24/Nov/2013 23:30:19] "GET /Entertainment/all/trendingdeals/0/5/ HTTP/1.1" 200 18
[24/Nov/2013 23:30:19] "GET /Entertainment/all/trendingstores/0/15/ HTTP/1.1" 200 1618
[24/Nov/2013 23:30:23] "GET /Coupons/all/trendingreviews/0/10/ HTTP/1.1" 200 18
[24/Nov/2013 23:30:23] "GET /Coupons/all/trendingdeals/0/5/ HTTP/1.1" 200 18
[24/Nov/2013 23:30:23] "GET /Coupons/all/trendingstores/0/15/ HTTP/1.1" 200 18
[24/Nov/2013 23:30:24] "GET /Electronics/all/trendingreviews/0/10/ HTTP/1.1" 200 18
[24/Nov/2013 23:30:25] "GET /Electronics/all/trendingdeals/0/5/ HTTP/1.1" 200 18
[24/Nov/2013 23:30:25] "GET /Electronics/all/trendingstores/0/15/ HTTP/1.1" 200 1619
/home/ubuntu/.virtualenvs/wishradioenv/local/lib/python2.7/site-packages/django/db/models/fields/__init__.py:808: RuntimeWarning: DateTimeField received a naive datetime (2013-11-24 18:00:32.012388) while time zone support is active.
  RuntimeWarning)
[24/Nov/2013 23:30:32] "GET /getvendors/Electronics/Desktops,%20Laptops%20&%20Accessories/ HTTP/1.1" 200 21278
[24/Nov/2013 23:30:45] "GET /static/img/1transparent.png HTTP/1.1" 301 0
[24/Nov/2013 23:30:46] "GET /static/img/wishRadioLogo.png/ HTTP/1.1" 404 1621
[24/Nov/2013 23:30:46] "GET /static/img/1transparent.png/ HTTP/1.1" 404 1619
[24/Nov/2013 23:33:59] "GET /login-form/?next=/getvendors/Electronics/Desktops,%20Laptops%20&%20Accessories/ HTTP/1.1" 200 17705
[24/Nov/2013 23:34:13] "GET /static/img/wishRadioLogo.png/ HTTP/1.1" 404 1621
[24/Nov/2013 23:34:26] "POST /login-form/?next=/getvendors/Electronics/Desktops,%20Laptops%20&%20Accessories/ HTTP/1.1" 302 0
[24/Nov/2013 23:34:26] "GET /getvendors/Electronics/Desktops,%20Laptops%20 HTTP/1.1" 301 0
[24/Nov/2013 23:34:26] "GET /getvendors/Electronics/Desktops%2C%20Laptops%20/ HTTP/1.1" 404 1651
[24/Nov/2013 23:34:26] "GET /favicon.ico/ HTTP/1.1" 404 1587
[24/Nov/2013 23:34:33] "GET / HTTP/1.1" 200 65532
[24/Nov/2013 23:34:48] "GET /static/img/wishRadioLogo.png HTTP/1.1" 301 0
[24/Nov/2013 23:34:48] "GET /static/img/1transparent.png HTTP/1.1" 301 0
[24/Nov/2013 23:34:48] "GET /static/img/1transparent.png/ HTTP/1.1" 404 1619
[24/Nov/2013 23:34:48] "GET /static/img/wishRadioLogo.png/ HTTP/1.1" 404 1621
[24/Nov/2013 23:34:51] "GET /activity/actstream_rebuild_cache/10/1/ HTTP/1.1" 200 45
[24/Nov/2013 23:34:53] "GET /activity/actstream_following_subset/10/1/0/20/ HTTP/1.1" 200 27836
[24/Nov/2013 23:34:55] "GET /static/img/1transparent.png HTTP/1.1" 301 0
[24/Nov/2013 23:34:56] "GET /static/img/1transparent.png/ HTTP/1.1" 404 1619
[24/Nov/2013 23:35:06] "GET /getvendors/Electronics/Desktops,%20Laptops%20&%20Accessories/ HTTP/1.1" 200 25142
[24/Nov/2013 23:35:21] "GET /static/img/1transparent.png HTTP/1.1" 301 0
[24/Nov/2013 23:35:21] "GET /static/img/wishRadioLogo.png HTTP/1.1" 301 0
[24/Nov/2013 23:35:21] "GET /static/img/1transparent.png/ HTTP/1.1" 404 1619
[24/Nov/2013 23:35:22] "GET /static/img/wishRadioLogo.png/ HTTP/1.1" 404 1621
[24/Nov/2013 23:36:24] "GET /getvendors/Electronics/Desktops,%20Laptops%20&%20Accessories/?filter=variety HTTP/1.1" 200 25163
[24/Nov/2013 23:36:36] "GET /static/img/1transparent.png HTTP/1.1" 301 0
[24/Nov/2013 23:36:36] "GET /static/img/wishRadioLogo.png HTTP/1.1" 301 0
[24/Nov/2013 23:36:37] "GET /static/img/wishRadioLogo.png/ HTTP/1.1" 404 1621
[24/Nov/2013 23:36:37] "GET /static/img/1transparent.png/ HTTP/1.1" 404 1619
[24/Nov/2013 23:41:51] "GET /blog/stylemyway/ HTTP/1.1" 200 45257
[24/Nov/2013 23:42:01] "GET /static/img/1transparent.png/ HTTP/1.1" 404 1619
[24/Nov/2013 23:42:01] "GET /static/img/wishRadioLogo.png/ HTTP/1.1" 404 1621
/home/ubuntu/.virtualenvs/wishradioenv/local/lib/python2.7/site-packages/django/db/models/fields/__init__.py:808: RuntimeWarning: DateTimeField received a naive datetime (2013-11-17 18:12:12.424916) while time zone support is active.
  RuntimeWarning)
/home/ubuntu/.virtualenvs/wishradioenv/local/lib/python2.7/site-packages/django/db/models/fields/__init__.py:808: RuntimeWarning: DateTimeField received a naive datetime (2013-11-24 18:12:12.435376) while time zone support is active.
  RuntimeWarning)
/home/ubuntu/.virtualenvs/wishradioenv/local/lib/python2.7/site-packages/django/db/models/fields/__init__.py:808: RuntimeWarning: DateTimeField received a naive datetime (2013-11-24 18:12:12.458890) while time zone support is active.
  RuntimeWarning)
[24/Nov/2013 23:42:12] "POST /object/hit/ HTTP/1.1" 200 21
[24/Nov/2013 23:42:12] "GET /get_deallist/24/108/0/10/ HTTP/1.1" 200 103
[24/Nov/2013 23:42:12] "GET /gallery/user/stylemyway_admin/albums/ HTTP/1.1" 200 474
[24/Nov/2013 23:54:22] "GET /static/img/wishRadioLogo.png HTTP/1.1" 301 0
[24/Nov/2013 23:54:22] "GET /static/img/wishRadioLogo.png/ HTTP/1.1" 404 1621
[24/Nov/2013 23:54:25] "GET / HTTP/1.1" 200 51489
[24/Nov/2013 23:55:26] "GET /all/all/trendingstores/15/20/ HTTP/1.1" 200 8138
[24/Nov/2013 23:55:37] "GET /getvendors/All/All/ HTTP/1.1" 200 42933
[24/Nov/2013 23:55:44] "GET /static/img/1transparent.png HTTP/1.1" 301 0
[24/Nov/2013 23:55:44] "GET /static/img/wishRadioLogo.png/ HTTP/1.1" 404 1621
[24/Nov/2013 23:55:45] "GET /static/img/1transparent.png/ HTTP/1.1" 404 1619
[24/Nov/2013 23:56:09] "GET /new/review/24/108/ HTTP/1.1" 200 6383
[24/Nov/2013 23:57:58] "GET /activity/broadcasters/24/2/ HTTP/1.1" 200 246
[24/Nov/2013 23:58:08] "GET /blog/femella/ HTTP/1.1" 200 32224
[24/Nov/2013 23:58:18] "GET /login-form/?next=/getvendors/All/All/ HTTP/1.1" 200 17553
[24/Nov/2013 23:58:20] "GET /static/img/wishRadioLogo.png/ HTTP/1.1" 404 1621
[24/Nov/2013 23:58:50] "GET /filter/deals/108/Desktops,%20Laptops%20&%20Accessories/0/10/?v=1 HTTP/1.1" 200 18
[24/Nov/2013 23:58:50] "GET /filter/relatedstores/108/Desktops,%20Laptops%20&%20Accessories/0/15/?v=1 HTTP/1.1" 200 18
[24/Nov/2013 23:58:54] "GET /filter/deals/108/All/0/10/?v=1 HTTP/1.1" 200 18
[24/Nov/2013 23:58:54] "GET /filter/relatedstores/108/All/0/15/?v=1 HTTP/1.1" 200 18
[24/Nov/2013 23:58:57] "GET /static/img/1transparent.png/ HTTP/1.1" 404 1619
[24/Nov/2013 23:58:57] "GET /filter/relatedstores/108/Software/0/15/?v=1 HTTP/1.1" 200 18
[24/Nov/2013 23:58:57] "GET /get_deallist/24/2/0/10/ HTTP/1.1" 200 103
/home/ubuntu/.virtualenvs/wishradioenv/local/lib/python2.7/site-packages/django/db/models/fields/__init__.py:808: RuntimeWarning: DateTimeField received a naive datetime (2013-11-17 18:28:57.457727) while time zone support is active.
  RuntimeWarning)
/home/ubuntu/.virtualenvs/wishradioenv/local/lib/python2.7/site-packages/django/db/models/fields/__init__.py:808: RuntimeWarning: DateTimeField received a naive datetime (2013-11-24 18:28:57.467081) while time zone support is active.
  RuntimeWarning)
/home/ubuntu/.virtualenvs/wishradioenv/local/lib/python2.7/site-packages/django/db/models/fields/__init__.py:808: RuntimeWarning: DateTimeField received a naive datetime (2013-11-24 18:28:57.480944) while time zone support is active.
  RuntimeWarning)
[24/Nov/2013 23:58:57] "POST /object/hit/ HTTP/1.1" 200 21
[24/Nov/2013 23:58:57] "GET /filter/deals/108/Software/0/10/?v=1 HTTP/1.1" 200 18
[24/Nov/2013 23:58:57] "GET /gallery/user/femella_admin/albums/ HTTP/1.1" 200 471
[24/Nov/2013 23:59:09] "GET /static/img/wishRadioLogo.png/ HTTP/1.1" 404 1621
[24/Nov/2013 23:59:10] "GET /getvendors/All/All/ HTTP/1.1" 200 46823
[24/Nov/2013 23:59:14] "GET /login-form/?next=/blog/femella/ HTTP/1.1" 200 17509
[24/Nov/2013 23:59:18] "GET /static/img/wishRadioLogo.png/ HTTP/1.1" 404 1621
[24/Nov/2013 23:59:28] "POST /login-form/?next=/getvendors/All/All/ HTTP/1.1" 200 17703
[24/Nov/2013 23:59:30] "GET /static/img/wishRadioLogo.png/ HTTP/1.1" 404 1621
[24/Nov/2013 23:59:35] "GET /static/img/1transparent.png/ HTTP/1.1" 404 1619
[24/Nov/2013 23:59:36] "GET /static/img/wishRadioLogo.png/ HTTP/1.1" 404 1621
[24/Nov/2013 23:59:47] "GET / HTTP/1.1" 200 51487
[25/Nov/2013 00:00:09] "GET / HTTP/1.1" 200 51499
[25/Nov/2013 00:00:58] "GET /static/img/wishRadioLogo.png HTTP/1.1" 301 0
[25/Nov/2013 00:00:59] "GET /static/img/wishRadioLogo.png/ HTTP/1.1" 404 1621
[25/Nov/2013 00:01:00] "GET /static/img/wishRadioLogo.png HTTP/1.1" 301 0
[25/Nov/2013 00:01:01] "GET /static/img/wishRadioLogo.png/ HTTP/1.1" 404 1621
[25/Nov/2013 00:01:17] "GET /login-form/?next=/ HTTP/1.1" 200 17451
[25/Nov/2013 00:01:28] "POST /login-form/?next=/getvendors/All/All/ HTTP/1.1" 200 17725
[25/Nov/2013 00:01:36] "GET /static/img/wishRadioLogo.png/ HTTP/1.1" 404 1621
[25/Nov/2013 00:01:53] "GET /static/img/wishRadioLogo.png HTTP/1.1" 301 0
[25/Nov/2013 00:01:54] "GET /static/img/wishRadioLogo.png/ HTTP/1.1" 404 1621
[25/Nov/2013 00:02:03] "POST /login-form/?next=/ HTTP/1.1" 200 17639
[25/Nov/2013 00:02:16] "GET /static/img/wishRadioLogo.png HTTP/1.1" 301 0
[25/Nov/2013 00:02:17] "GET /static/img/wishRadioLogo.png/ HTTP/1.1" 404 1621
[25/Nov/2013 00:02:20] "GET /static/img/wishRadioLogo.png HTTP/1.1" 301 0
[25/Nov/2013 00:02:20] "GET /static/img/wishRadioLogo.png/ HTTP/1.1" 404 1621
[25/Nov/2013 00:02:24] "POST /login-form/?next=/getvendors/All/All/ HTTP/1.1" 200 17717
[25/Nov/2013 00:02:24] "GET /static/img/wishRadioLogo.png/ HTTP/1.1" 404 1621
[25/Nov/2013 00:02:29] "GET /account/signup/?next=/login-form/?next=/ HTTP/1.1" 200 20186
Traceback (most recent call last):
  File "/usr/lib/python2.7/SocketServer.py", line 593, in process_request_thread
    self.finish_request(request, client_address)
  File "/usr/lib/python2.7/SocketServer.py", line 334, in finish_request
    self.RequestHandlerClass(request, client_address, self)
  File "/home/ubuntu/.virtualenvs/wishradioenv/local/lib/python2.7/site-packages/django/core/servers/basehttp.py", line 139, in __init__
    super(WSGIRequestHandler, self).__init__(*args, **kwargs)
  File "/usr/lib/python2.7/SocketServer.py", line 649, in __init__
    self.handle()
  File "/usr/lib/python2.7/wsgiref/simple_server.py", line 116, in handle
    self.raw_requestline = self.rfile.readline()
  File "/usr/lib/python2.7/socket.py", line 447, in readline
    data = self._sock.recv(self._rbufsize)
error: [Errno 104] Connection reset by peer
[25/Nov/2013 00:02:48] "GET /getvendors/All/All/ HTTP/1.1" 200 46803
[25/Nov/2013 00:02:53] "GET /static/img/1transparent.png/ HTTP/1.1" 404 1619
[25/Nov/2013 00:02:53] "GET /static/img/wishRadioLogo.png/ HTTP/1.1" 404 1621
/home/ubuntu/.virtualenvs/wishradioenv/local/lib/python2.7/site-packages/django/db/models/fields/__init__.py:808: RuntimeWarning: DateTimeField received a naive datetime (2013-11-24 18:32:59.746322) while time zone support is active.
  RuntimeWarning)
/home/ubuntu/.virtualenvs/wishradioenv/local/lib/python2.7/site-packages/django/db/models/fields/__init__.py:808: RuntimeWarning: DateTimeField received a naive datetime (2013-11-24 18:32:59.766128) while time zone support is active.
  RuntimeWarning)
/home/ubuntu/.virtualenvs/wishradioenv/local/lib/python2.7/site-packages/django/db/models/fields/__init__.py:808: RuntimeWarning: DateTimeField received a naive datetime (2013-11-24 18:32:59.784487) while time zone support is active.
  RuntimeWarning)
/home/ubuntu/.virtualenvs/wishradioenv/local/lib/python2.7/site-packages/django/db/models/fields/__init__.py:808: RuntimeWarning: DateTimeField received a naive datetime (2013-11-24 18:32:59.803940) while time zone support is active.
  RuntimeWarning)
/home/ubuntu/.virtualenvs/wishradioenv/local/lib/python2.7/site-packages/django/db/models/fields/__init__.py:808: RuntimeWarning: DateTimeField received a naive datetime (2013-11-24 18:32:59.821337) while time zone support is active.
  RuntimeWarning)
/home/ubuntu/.virtualenvs/wishradioenv/local/lib/python2.7/site-packages/django/db/models/fields/__init__.py:808: RuntimeWarning: DateTimeField received a naive datetime (2013-11-24 18:32:59.840894) while time zone support is active.
  RuntimeWarning)
/home/ubuntu/.virtualenvs/wishradioenv/local/lib/python2.7/site-packages/django/db/models/fields/__init__.py:808: RuntimeWarning: DateTimeField received a naive datetime (2013-11-24 18:32:59.856623) while time zone support is active.
  RuntimeWarning)
/home/ubuntu/.virtualenvs/wishradioenv/local/lib/python2.7/site-packages/django/db/models/fields/__init__.py:808: RuntimeWarning: DateTimeField received a naive datetime (2013-11-24 18:32:59.876197) while time zone support is active.
  RuntimeWarning)
/home/ubuntu/.virtualenvs/wishradioenv/local/lib/python2.7/site-packages/django/db/models/fields/__init__.py:808: RuntimeWarning: DateTimeField received a naive datetime (2013-11-24 18:32:59.892328) while time zone support is active.
  RuntimeWarning)
[25/Nov/2013 00:03:01] "GET /getvendors/All/All/?page=4 HTTP/1.1" 200 46083
[25/Nov/2013 00:03:07] "GET /static/img/wishRadioLogo.png/ HTTP/1.1" 404 1621
[25/Nov/2013 00:03:08] "GET /static/img/1transparent.png/ HTTP/1.1" 404 1619
[25/Nov/2013 00:03:08] "GET /static/img/wishRadioLogo.png/ HTTP/1.1" 404 1621
[25/Nov/2013 00:03:11] "GET /static/img/wishRadioLogo.png/ HTTP/1.1" 404 1621
[25/Nov/2013 00:03:14] "GET /blog/chemistryindia/ HTTP/1.1" 200 40892
[25/Nov/2013 00:03:19] "GET /static/img/1transparent.png/ HTTP/1.1" 404 1619
[25/Nov/2013 00:03:19] "GET /static/img/wishRadioLogo.png/ HTTP/1.1" 404 1621
/home/ubuntu/.virtualenvs/wishradioenv/local/lib/python2.7/site-packages/django/db/models/fields/__init__.py:808: RuntimeWarning: DateTimeField received a naive datetime (2013-11-17 18:33:22.397163) while time zone support is active.
  RuntimeWarning)
/home/ubuntu/.virtualenvs/wishradioenv/local/lib/python2.7/site-packages/django/db/models/fields/__init__.py:808: RuntimeWarning: DateTimeField received a naive datetime (2013-11-24 18:33:22.403690) while time zone support is active.
  RuntimeWarning)
/home/ubuntu/.virtualenvs/wishradioenv/local/lib/python2.7/site-packages/django/db/models/fields/__init__.py:808: RuntimeWarning: DateTimeField received a naive datetime (2013-11-24 18:33:22.425341) while time zone support is active.
  RuntimeWarning)
[25/Nov/2013 00:03:22] "POST /object/hit/ HTTP/1.1" 200 21
[25/Nov/2013 00:03:22] "GET /get_deallist/24/31/0/10/ HTTP/1.1" 200 103
[25/Nov/2013 00:03:22] "GET /gallery/user/chemistryindia_admin/albums/ HTTP/1.1" 200 478
[25/Nov/2013 00:04:40] "POST /account/signup/?next=/login-form/?next=/ HTTP/1.1" 500 106166
[25/Nov/2013 00:04:43] "GET /favicon.ico/ HTTP/1.1" 404 1587
[25/Nov/2013 00:09:01] "GET /login-form/?next=/account/signup/?next=/login-form/?next=/ HTTP/1.1" 200 17635
[25/Nov/2013 00:09:15] "POST /login-form/?next=/getvendors/All/All/ HTTP/1.1" 302 0
[25/Nov/2013 00:09:16] "GET /getvendors/All/All/ HTTP/1.1" 200 44019
[25/Nov/2013 00:09:16] "GET /static/img/1transparent.png/ HTTP/1.1" 404 1619
[25/Nov/2013 00:09:16] "GET /static/img/wishRadioLogo.png/ HTTP/1.1" 404 1621
[25/Nov/2013 00:09:24] "GET /static/img/wishRadioLogo.png/ HTTP/1.1" 404 1621
[25/Nov/2013 00:09:39] "GET /static/img/wishRadioLogo.png/ HTTP/1.1" 404 1621
[25/Nov/2013 00:10:12] "POST /login-form/?next=/account/signup/?next=/login-form/?next=/ HTTP/1.1" 302 0
[25/Nov/2013 00:10:12] "GET /account/signup/?next=/login-form/?next=/ HTTP/1.1" 200 17428
/home/ubuntu/.virtualenvs/wishradioenv/local/lib/python2.7/site-packages/django/db/models/fields/__init__.py:808: RuntimeWarning: DateTimeField received a naive datetime (2013-11-24 18:40:17.322594) while time zone support is active.
  RuntimeWarning)
[25/Nov/2013 00:10:17] "GET /users/vdhawal/ HTTP/1.1" 200 26453
[25/Nov/2013 00:10:29] "GET /static/img/1transparent.png/ HTTP/1.1" 404 1619
[25/Nov/2013 00:10:29] "GET /static/img/wishRadioLogo.png/ HTTP/1.1" 404 1621
[25/Nov/2013 00:11:23] "GET /admin HTTP/1.1" 301 0
[25/Nov/2013 00:11:23] "GET /admin/ HTTP/1.1" 200 4326
[25/Nov/2013 00:11:25] "GET /static/img/1transparent.png HTTP/1.1" 301 0
[25/Nov/2013 00:11:25] "GET /static/img/1transparent.png/ HTTP/1.1" 404 1619
[25/Nov/2013 00:11:26] "GET /static/img/1transparent.png HTTP/1.1" 301 0
[25/Nov/2013 00:11:26] "GET /static/img/wishRadioLogo.png HTTP/1.1" 301 0
[25/Nov/2013 00:11:26] "GET /static/img/1transparent.png/ HTTP/1.1" 404 1619
[25/Nov/2013 00:11:26] "GET /static/img/wishRadioLogo.png/ HTTP/1.1" 404 1621
[25/Nov/2013 00:11:35] "GET / HTTP/1.1" 200 62775
[25/Nov/2013 00:11:45] "GET /admin HTTP/1.1" 301 0
[25/Nov/2013 00:11:46] "GET /admin/ HTTP/1.1" 200 4256
[25/Nov/2013 00:12:19] "GET /static/img/1transparent.png HTTP/1.1" 301 0
[25/Nov/2013 00:12:20] "GET /static/img/1transparent.png/ HTTP/1.1" 404 1619
[25/Nov/2013 00:12:20] "GET /static/img/wishRadioLogo.png HTTP/1.1" 301 0
[25/Nov/2013 00:12:20] "GET /static/img/1transparent.png/ HTTP/1.1" 404 1619
[25/Nov/2013 00:12:22] "GET /static/img/wishRadioLogo.png/ HTTP/1.1" 404 1621
[25/Nov/2013 00:13:50] "POST /admin/ HTTP/1.1" 302 0
[25/Nov/2013 00:13:51] "GET /admin/ HTTP/1.1" 200 29330
[25/Nov/2013 00:14:31] "GET /admin/auth/group/ HTTP/1.1" 200 14273
[25/Nov/2013 00:14:32] "GET /admin/jsi18n/ HTTP/1.1" 200 1732
[25/Nov/2013 00:15:22] "GET /admin/auth/group/add/ HTTP/1.1" 200 28513
[25/Nov/2013 00:15:23] "GET /admin/jsi18n/ HTTP/1.1" 200 1732
[25/Nov/2013 00:15:58] "POST /admin/auth/group/add/ HTTP/1.1" 302 0
[25/Nov/2013 00:15:59] "GET /admin/auth/group/ HTTP/1.1" 200 15538
[25/Nov/2013 00:16:00] "GET /admin/jsi18n/ HTTP/1.1" 200 1732
[25/Nov/2013 00:16:25] "GET /users/vdhawal/ HTTP/1.1" 200 26441
[25/Nov/2013 00:16:39] "GET /static/img/1transparent.png HTTP/1.1" 301 0
[25/Nov/2013 00:16:40] "GET /static/img/wishRadioLogo.png HTTP/1.1" 301 0
[25/Nov/2013 00:16:40] "GET /static/img/1transparent.png/ HTTP/1.1" 404 1619
[25/Nov/2013 00:16:40] "GET /static/img/wishRadioLogo.png/ HTTP/1.1" 404 1621
[25/Nov/2013 00:16:47] "GET /users/vdhawal/ HTTP/1.1" 200 26443
[25/Nov/2013 00:16:49] "GET /static/img/1transparent.png HTTP/1.1" 301 0
[25/Nov/2013 00:16:50] "GET /static/img/wishRadioLogo.png HTTP/1.1" 301 0
[25/Nov/2013 00:16:50] "GET /static/img/1transparent.png/ HTTP/1.1" 404 1619
[25/Nov/2013 00:16:50] "GET /static/img/wishRadioLogo.png/ HTTP/1.1" 404 1621
[25/Nov/2013 00:16:53] "GET /users/vdhawal/ HTTP/1.1" 200 26447
[25/Nov/2013 00:17:35] "GET /admin/auth/user/ HTTP/1.1" 200 65873
Traceback (most recent call last):
  File "/usr/lib/python2.7/wsgiref/handlers.py", line 86, in run
    self.finish_response()
  File "/usr/lib/python2.7/wsgiref/handlers.py", line 128, in finish_response
    self.write(data)
  File "/usr/lib/python2.7/wsgiref/handlers.py", line 217, in write
    self._write(data)
  File "/usr/lib/python2.7/socket.py", line 324, in write
    self.flush()
  File "/usr/lib/python2.7/socket.py", line 303, in flush
    self._sock.sendall(view[write_offset:write_offset+buffer_size])
error: [Errno 32] Broken pipe
[25/Nov/2013 00:17:35] "GET /admin/auth/user/ HTTP/1.1" 500 59
Traceback (most recent call last):
  File "/usr/lib/python2.7/SocketServer.py", line 593, in process_request_thread
    self.finish_request(request, client_address)
  File "/usr/lib/python2.7/SocketServer.py", line 334, in finish_request
    self.RequestHandlerClass(request, client_address, self)
  File "/home/ubuntu/.virtualenvs/wishradioenv/local/lib/python2.7/site-packages/django/core/servers/basehttp.py", line 139, in __init__
    super(WSGIRequestHandler, self).__init__(*args, **kwargs)
  File "/usr/lib/python2.7/SocketServer.py", line 651, in __init__
    self.finish()
  File "/usr/lib/python2.7/SocketServer.py", line 710, in finish
    self.wfile.close()
  File "/usr/lib/python2.7/socket.py", line 279, in close
    self.flush()
  File "/usr/lib/python2.7/socket.py", line 303, in flush
    self._sock.sendall(view[write_offset:write_offset+buffer_size])
error: [Errno 32] Broken pipe
[25/Nov/2013 00:17:36] "GET /admin/jsi18n/ HTTP/1.1" 200 1732
[25/Nov/2013 00:17:39] "GET /admin/auth/user/ HTTP/1.1" 200 65729
[25/Nov/2013 00:18:13] "GET /admin/auth/user/?p=2 HTTP/1.1" 200 41863
[25/Nov/2013 00:18:14] "GET /admin/jsi18n/ HTTP/1.1" 200 1732
[25/Nov/2013 00:18:43] "GET /admin/auth/user/250/ HTTP/1.1" 200 44126
[25/Nov/2013 00:18:43] "GET /admin/jsi18n/ HTTP/1.1" 200 1732
[25/Nov/2013 00:20:10] "POST /admin/auth/user/250/ HTTP/1.1" 302 0
[25/Nov/2013 00:20:12] "GET /admin/jsi18n/ HTTP/1.1" 200 1732
[25/Nov/2013 00:20:16] "GET /admin/auth/user/ HTTP/1.1" 200 66165
[25/Nov/2013 00:20:35] "GET /admin/logout/ HTTP/1.1" 200 2473
[25/Nov/2013 00:20:44] "GET /users/vdhawal HTTP/1.1" 301 0
[25/Nov/2013 00:20:44] "GET /users/vdhawal/ HTTP/1.1" 200 25195
[25/Nov/2013 00:21:01] "GET /static/img/wishRadioLogo.png HTTP/1.1" 301 0
[25/Nov/2013 00:21:02] "GET /static/img/wishRadioLogo.png/ HTTP/1.1" 404 1621
[25/Nov/2013 00:21:03] "GET /static/img/1transparent.png HTTP/1.1" 301 0
[25/Nov/2013 00:21:03] "GET /static/img/1transparent.png/ HTTP/1.1" 404 1619
[25/Nov/2013 00:21:14] "GET /get_wishlist/10/250/0/10/ HTTP/1.1" 200 18
[25/Nov/2013 00:21:14] "GET /static/img/wishRadioLogo.png/ HTTP/1.1" 404 1621
[25/Nov/2013 00:21:14] "GET /activity/actstream_actor_subset/10/250/0/10/ HTTP/1.1" 200 159
[25/Nov/2013 00:21:14] "GET /static/img/1transparent.png/ HTTP/1.1" 404 1619
[25/Nov/2013 00:42:39] "GET / HTTP/1.1" 200 65546
[25/Nov/2013 00:42:47] "GET /static/img/wishRadioLogo.png/ HTTP/1.1" 404 1621
[25/Nov/2013 00:42:47] "GET /static/img/1transparent.png/ HTTP/1.1" 404 1619
[25/Nov/2013 00:42:48] "GET /activity/actstream_rebuild_cache/10/1/ HTTP/1.1" 200 45
[25/Nov/2013 00:42:49] "GET /activity/actstream_following_subset/10/1/0/20/ HTTP/1.1" 200 27858
[25/Nov/2013 00:42:50] "GET /static/img/1transparent.png HTTP/1.1" 301 0
[25/Nov/2013 00:42:50] "GET /static/img/1transparent.png/ HTTP/1.1" 404 1619
[25/Nov/2013 00:42:53] "GET /activity/actstream_following_subset/10/1/5/15/ HTTP/1.1" 200 4
[25/Nov/2013 00:42:57] "GET /reldata/6/4/ HTTP/1.1" 200 2984
[25/Nov/2013 00:42:57] "GET /static/img/1transparent.png HTTP/1.1" 301 0
[25/Nov/2013 00:42:58] "GET /static/img/1transparent.png/ HTTP/1.1" 404 1619
[25/Nov/2013 00:43:01] "GET /reldata/6/3/ HTTP/1.1" 200 2982
[25/Nov/2013 00:43:01] "GET /static/img/1transparent.png/ HTTP/1.1" 404 1619
[25/Nov/2013 00:43:08] "GET /all/all/trendingstores/15/20/?v=1 HTTP/1.1" 200 8203
[25/Nov/2013 00:43:11] "GET /all/all/trendingstores/20/25/?v=1 HTTP/1.1" 200 8175
[25/Nov/2013 00:43:13] "GET /all/all/trendingstores/25/30/?v=1 HTTP/1.1" 200 8135
/home/ubuntu/.virtualenvs/wishradioenv/local/lib/python2.7/site-packages/django/db/models/fields/__init__.py:808: RuntimeWarning: DateTimeField received a naive datetime (2013-11-24 19:13:14.402587) while time zone support is active.
  RuntimeWarning)
[25/Nov/2013 00:43:14] "GET /blog/yes2fashion/ HTTP/1.1" 200 43604
[25/Nov/2013 00:43:18] "GET /static/img/wishRadioLogo.png HTTP/1.1" 301 0
[25/Nov/2013 00:43:18] "GET /static/img/1transparent.png/ HTTP/1.1" 404 1619
[25/Nov/2013 00:43:18] "GET /static/img/wishRadioLogo.png/ HTTP/1.1" 404 1621
/home/ubuntu/.virtualenvs/wishradioenv/local/lib/python2.7/site-packages/django/db/models/fields/__init__.py:808: RuntimeWarning: DateTimeField received a naive datetime (2013-11-17 19:13:20.582960) while time zone support is active.
  RuntimeWarning)
/home/ubuntu/.virtualenvs/wishradioenv/local/lib/python2.7/site-packages/django/db/models/fields/__init__.py:808: RuntimeWarning: DateTimeField received a naive datetime (2013-11-24 19:13:20.611029) while time zone support is active.
  RuntimeWarning)
/home/ubuntu/.virtualenvs/wishradioenv/local/lib/python2.7/site-packages/django/db/models/fields/__init__.py:808: RuntimeWarning: DateTimeField received a naive datetime (2013-11-24 19:13:20.627163) while time zone support is active.
  RuntimeWarning)
[25/Nov/2013 00:43:20] "POST /object/hit/ HTTP/1.1" 200 21
[25/Nov/2013 00:43:20] "GET /get_deallist/24/23/0/10/ HTTP/1.1" 200 103
[25/Nov/2013 00:43:20] "GET /gallery/user/yes2fashion_admin/albums/ HTTP/1.1" 200 475
[25/Nov/2013 00:43:23] "GET /users/2ba91fbd-0c50-4fa6-adc2/ HTTP/1.1" 200 29350
[25/Nov/2013 00:43:46] "GET /static/img/1transparent.png HTTP/1.1" 301 0
[25/Nov/2013 00:43:46] "GET /static/img/wishRadioLogo.png HTTP/1.1" 301 0
[25/Nov/2013 00:43:46] "GET /static/img/edit.png HTTP/1.1" 301 0
[25/Nov/2013 00:43:46] "GET /static/img/edit.png/ HTTP/1.1" 404 1603
[25/Nov/2013 00:43:46] "GET /static/img/wishRadioLogo.png/ HTTP/1.1" 404 1621
[25/Nov/2013 00:43:47] "GET /static/img/1transparent.png/ HTTP/1.1" 404 1619
[25/Nov/2013 00:43:48] "GET /get_wishlist/10/1/0/10/ HTTP/1.1" 200 7340
[25/Nov/2013 00:43:49] "GET /activity/actstream_actor_subset/10/1/0/10/ HTTP/1.1" 200 27976
[25/Nov/2013 00:43:49] "GET /static/img/1transparent.png/ HTTP/1.1" 404 1619
[25/Nov/2013 00:44:02] "GET /get_wishlist/10/1/10/20/ HTTP/1.1" 200 18
[25/Nov/2013 00:44:09] "GET /activity/actstream_actor_subset/10/1/10/15/ HTTP/1.1" 200 4
[25/Nov/2013 00:44:09] "GET /activity/actstream_actor_subset/10/1/15/20/ HTTP/1.1" 200 4
[25/Nov/2013 00:44:25] "GET /users/ghadiwala_admin/ HTTP/1.1" 200 29213
[25/Nov/2013 00:44:33] "GET /static/img/1transparent.png/ HTTP/1.1" 404 1619
[25/Nov/2013 00:44:33] "GET /static/img/wishRadioLogo.png/ HTTP/1.1" 404 1621
[25/Nov/2013 00:44:36] "GET /get_wishlist/10/249/0/10/ HTTP/1.1" 200 18
[25/Nov/2013 00:44:36] "GET /activity/actstream_actor_subset/10/249/0/10/ HTTP/1.1" 200 159
[25/Nov/2013 00:44:37] "POST /relationships/add/ghadiwala_admin/following/ HTTP/1.1" 200 29
[25/Nov/2013 00:44:45] "GET /blog/ghadiwala/ HTTP/1.1" 200 44036
[25/Nov/2013 00:44:49] "GET /static/img/1transparent.png/ HTTP/1.1" 404 1619
[25/Nov/2013 00:44:49] "GET /static/img/wishRadioLogo.png/ HTTP/1.1" 404 1621
/home/ubuntu/.virtualenvs/wishradioenv/local/lib/python2.7/site-packages/django/db/models/fields/__init__.py:808: RuntimeWarning: DateTimeField received a naive datetime (2013-11-17 19:14:49.842622) while time zone support is active.
  RuntimeWarning)
/home/ubuntu/.virtualenvs/wishradioenv/local/lib/python2.7/site-packages/django/db/models/fields/__init__.py:808: RuntimeWarning: DateTimeField received a naive datetime (2013-11-24 19:14:49.855685) while time zone support is active.
  RuntimeWarning)
/home/ubuntu/.virtualenvs/wishradioenv/local/lib/python2.7/site-packages/django/db/models/fields/__init__.py:808: RuntimeWarning: DateTimeField received a naive datetime (2013-11-24 19:14:49.874868) while time zone support is active.
  RuntimeWarning)
[25/Nov/2013 00:44:49] "POST /object/hit/ HTTP/1.1" 200 21
[25/Nov/2013 00:44:49] "GET /get_deallist/24/248/0/10/ HTTP/1.1" 200 103
/home/ubuntu/.virtualenvs/wishradioenv/local/lib/python2.7/site-packages/django/db/models/fields/__init__.py:808: RuntimeWarning: DateTimeField received a naive datetime (2013-11-24 19:14:49.935986) while time zone support is active.
  RuntimeWarning)
[25/Nov/2013 00:44:50] "GET /gallery/user/ghadiwala_admin/albums/ HTTP/1.1" 200 2080
[25/Nov/2013 00:44:50] "GET /static/img/1transparent.png HTTP/1.1" 301 0
/home/ubuntu/.virtualenvs/wishradioenv/local/lib/python2.7/site-packages/django/db/models/fields/__init__.py:808: RuntimeWarning: DateTimeField received a naive datetime (2013-11-17 19:14:50.524967) while time zone support is active.
  RuntimeWarning)
/home/ubuntu/.virtualenvs/wishradioenv/local/lib/python2.7/site-packages/django/db/models/fields/__init__.py:808: RuntimeWarning: DateTimeField received a naive datetime (2013-11-24 19:14:50.528521) while time zone support is active.
  RuntimeWarning)
/home/ubuntu/.virtualenvs/wishradioenv/local/lib/python2.7/site-packages/django/db/models/fields/__init__.py:808: RuntimeWarning: DateTimeField received a naive datetime (2013-11-24 19:14:50.541547) while time zone support is active.
  RuntimeWarning)
[25/Nov/2013 00:44:50] "POST /object/hit/ HTTP/1.1" 200 21
[25/Nov/2013 00:44:50] "GET /static/img/1transparent.png/ HTTP/1.1" 404 1619
[25/Nov/2013 00:44:53] "POST /toggle/blog/blogpost/248/ HTTP/1.1" 200 29
[25/Nov/2013 00:44:55] "GET /users/2ba91fbd-0c50-4fa6-adc2/ HTTP/1.1" 200 31837
[25/Nov/2013 00:44:59] "GET /static/img/wishRadioLogo.png/ HTTP/1.1" 404 1621
[25/Nov/2013 00:44:59] "GET /static/img/1transparent.png HTTP/1.1" 301 0
[25/Nov/2013 00:44:59] "GET /static/img/edit.png/ HTTP/1.1" 404 1603
[25/Nov/2013 00:45:00] "GET /static/img/1transparent.png/ HTTP/1.1" 404 1619
[25/Nov/2013 00:45:00] "GET /get_wishlist/10/1/0/10/ HTTP/1.1" 200 7348
[25/Nov/2013 00:45:00] "GET /static/img/1transparent.png HTTP/1.1" 301 0
[25/Nov/2013 00:45:01] "GET /static/img/1transparent.png/ HTTP/1.1" 404 1619
[25/Nov/2013 00:45:01] "GET /activity/actstream_actor_subset/10/1/0/10/ HTTP/1.1" 200 27978
[25/Nov/2013 00:45:01] "GET /static/img/1transparent.png HTTP/1.1" 301 0
[25/Nov/2013 00:45:01] "GET /static/img/1transparent.png/ HTTP/1.1" 404 1619
[25/Nov/2013 00:45:10] "GET /get_wishlist/10/1/10/20/ HTTP/1.1" 200 18
[25/Nov/2013 00:45:21] "POST /relationships/remove/ghadiwala_admin/following/ HTTP/1.1" 200 29
[25/Nov/2013 00:45:24] "GET /users/ghadiwala_admin/ HTTP/1.1" 200 29201
[25/Nov/2013 00:45:28] "GET /static/img/1transparent.png/ HTTP/1.1" 404 1619
[25/Nov/2013 00:45:28] "GET /static/img/wishRadioLogo.png/ HTTP/1.1" 404 1621
[25/Nov/2013 00:45:32] "GET /get_wishlist/10/249/0/10/ HTTP/1.1" 200 18
[25/Nov/2013 00:45:32] "GET /activity/actstream_actor_subset/10/249/0/10/ HTTP/1.1" 200 159
[25/Nov/2013 00:45:33] "POST /relationships/add/ghadiwala_admin/following/ HTTP/1.1" 200 29
[25/Nov/2013 00:45:36] "GET /users/ghadiwala_admin/ HTTP/1.1" 200 29780
[25/Nov/2013 00:45:40] "GET /static/img/wishRadioLogo.png HTTP/1.1" 301 0
[25/Nov/2013 00:45:40] "GET /static/img/1transparent.png HTTP/1.1" 301 0
[25/Nov/2013 00:45:40] "GET /static/img/wishRadioLogo.png/ HTTP/1.1" 404 1621
[25/Nov/2013 00:45:40] "GET /static/img/1transparent.png/ HTTP/1.1" 404 1619
[25/Nov/2013 00:45:41] "GET /get_wishlist/10/249/0/10/ HTTP/1.1" 200 18
[25/Nov/2013 00:45:41] "GET /activity/actstream_actor_subset/10/249/0/10/ HTTP/1.1" 200 159
[25/Nov/2013 00:45:44] "POST /relationships/remove/ghadiwala_admin/following/ HTTP/1.1" 200 29
[25/Nov/2013 00:45:46] "GET /users/ghadiwala_admin/ HTTP/1.1" 200 29219
[25/Nov/2013 00:45:50] "GET /static/img/1transparent.png HTTP/1.1" 301 0
[25/Nov/2013 00:45:50] "GET /static/img/wishRadioLogo.png HTTP/1.1" 301 0
[25/Nov/2013 00:45:50] "GET /static/img/wishRadioLogo.png/ HTTP/1.1" 404 1621
[25/Nov/2013 00:45:50] "GET /static/img/1transparent.png/ HTTP/1.1" 404 1619
[25/Nov/2013 00:45:55] "GET /get_wishlist/10/249/0/10/ HTTP/1.1" 200 18
[25/Nov/2013 00:45:55] "GET /activity/actstream_actor_subset/10/249/0/10/ HTTP/1.1" 200 159
[25/Nov/2013 00:45:58] "POST /relationships/add/ghadiwala_admin/following/ HTTP/1.1" 200 29
[25/Nov/2013 00:46:00] "GET /users/2ba91fbd-0c50-4fa6-adc2/ HTTP/1.1" 200 31851
[25/Nov/2013 00:46:05] "GET /relationships/follower_subset/10/249/0/10/ HTTP/1.1" 200 816
[25/Nov/2013 00:46:10] "GET /relationships/follower_subset/10/249/0/10/ HTTP/1.1" 200 822
[25/Nov/2013 00:46:11] "GET /users/2ba91fbd-0c50-4fa6-adc2/ HTTP/1.1" 200 31853
[25/Nov/2013 00:46:16] "GET /static/img/wishRadioLogo.png/ HTTP/1.1" 404 1621
[25/Nov/2013 00:46:16] "GET /static/img/1transparent.png/ HTTP/1.1" 404 1619
[25/Nov/2013 00:46:17] "GET /static/img/edit.png/ HTTP/1.1" 404 1603
[25/Nov/2013 00:46:18] "GET /get_wishlist/10/1/0/10/ HTTP/1.1" 200 7344
[25/Nov/2013 00:46:18] "GET /static/img/1transparent.png HTTP/1.1" 301 0
[25/Nov/2013 00:46:19] "GET /static/img/1transparent.png/ HTTP/1.1" 404 1619
[25/Nov/2013 00:46:19] "GET /activity/actstream_actor_subset/10/1/0/10/ HTTP/1.1" 200 27970
[25/Nov/2013 00:46:19] "GET /static/img/1transparent.png HTTP/1.1" 301 0
[25/Nov/2013 00:46:20] "GET /static/img/1transparent.png/ HTTP/1.1" 404 1619
[25/Nov/2013 00:46:50] "GET /users/2ba91fbd-0c50-4fa6-adc2/ HTTP/1.1" 200 31847
[25/Nov/2013 00:46:53] "GET /static/img/1transparent.png HTTP/1.1" 301 0
[25/Nov/2013 00:46:53] "GET /static/img/wishRadioLogo.png HTTP/1.1" 301 0
[25/Nov/2013 00:46:53] "GET /static/img/edit.png HTTP/1.1" 301 0
[25/Nov/2013 00:46:53] "GET /static/img/edit.png/ HTTP/1.1" 404 1603
[25/Nov/2013 00:46:54] "GET /static/img/wishRadioLogo.png/ HTTP/1.1" 404 1621
[25/Nov/2013 00:46:54] "GET /static/img/1transparent.png/ HTTP/1.1" 404 1619
[25/Nov/2013 00:46:55] "GET /get_wishlist/10/1/0/10/ HTTP/1.1" 200 7354
[25/Nov/2013 00:46:55] "GET /static/img/1transparent.png HTTP/1.1" 301 0
[25/Nov/2013 00:46:56] "GET /activity/actstream_actor_subset/10/1/0/10/ HTTP/1.1" 200 28007
[25/Nov/2013 00:46:57] "GET /static/img/1transparent.png/ HTTP/1.1" 404 1619
[25/Nov/2013 00:47:07] "GET /users/2ba91fbd-0c50-4fa6-adc2/ HTTP/1.1" 200 31841
[25/Nov/2013 00:47:10] "GET /static/img/1transparent.png HTTP/1.1" 301 0
[25/Nov/2013 00:47:10] "GET /static/img/wishRadioLogo.png HTTP/1.1" 301 0
[25/Nov/2013 00:47:10] "GET /static/img/edit.png HTTP/1.1" 301 0
[25/Nov/2013 00:47:10] "GET /static/img/1transparent.png/ HTTP/1.1" 404 1619
[25/Nov/2013 00:47:10] "GET /static/img/edit.png/ HTTP/1.1" 404 1603
[25/Nov/2013 00:47:10] "GET /static/img/wishRadioLogo.png/ HTTP/1.1" 404 1621
[25/Nov/2013 00:47:11] "GET /get_wishlist/10/1/0/10/ HTTP/1.1" 200 7352
[25/Nov/2013 00:47:11] "GET /static/img/1transparent.png HTTP/1.1" 301 0
[25/Nov/2013 00:47:11] "GET /static/img/1transparent.png/ HTTP/1.1" 404 1619
[25/Nov/2013 00:47:12] "GET /activity/actstream_actor_subset/10/1/0/10/ HTTP/1.1" 200 28003
[25/Nov/2013 00:47:12] "GET /static/img/1transparent.png HTTP/1.1" 301 0
[25/Nov/2013 00:47:12] "GET /static/img/1transparent.png/ HTTP/1.1" 404 1619
[25/Nov/2013 00:47:26] "GET /vendor_followers_subset/24/248/0/1/ HTTP/1.1" 200 845
[25/Nov/2013 00:47:32] "POST /wish/4/up/vote HTTP/1.1" 200 96
[25/Nov/2013 00:47:34] "GET /share/6/4/ HTTP/1.1" 200 29
[25/Nov/2013 00:47:49] "POST /comment_on_review/ HTTP/1.1" 200 2083
[25/Nov/2013 00:47:50] "GET /static/img/1transparent.png/ HTTP/1.1" 404 1619
[25/Nov/2013 00:47:51] "GET /users/2ba91fbd-0c50-4fa6-adc2/ HTTP/1.1" 200 31859
[25/Nov/2013 00:47:56] "GET /static/img/1transparent.png/ HTTP/1.1" 404 1619
[25/Nov/2013 00:47:56] "GET /static/img/wishRadioLogo.png/ HTTP/1.1" 404 1621
[25/Nov/2013 00:47:56] "GET /static/img/edit.png/ HTTP/1.1" 404 1603
[25/Nov/2013 00:47:57] "GET /get_wishlist/10/1/0/10/ HTTP/1.1" 200 7340
[25/Nov/2013 00:47:58] "GET /static/img/1transparent.png HTTP/1.1" 301 0
[25/Nov/2013 00:47:58] "GET /static/img/1transparent.png/ HTTP/1.1" 404 1619
[25/Nov/2013 00:47:58] "GET /activity/actstream_actor_subset/10/1/0/10/ HTTP/1.1" 200 32278
[25/Nov/2013 00:47:59] "GET /static/img/1transparent.png HTTP/1.1" 301 0
[25/Nov/2013 00:47:59] "GET /static/img/1transparent.png/ HTTP/1.1" 404 1619
[25/Nov/2013 00:48:03] "GET / HTTP/1.1" 200 65520
[25/Nov/2013 00:48:07] "GET /static/img/1transparent.png/ HTTP/1.1" 404 1619
[25/Nov/2013 00:48:07] "GET /static/img/wishRadioLogo.png/ HTTP/1.1" 404 1621
[25/Nov/2013 00:48:07] "GET /activity/actstream_rebuild_cache/10/1/ HTTP/1.1" 200 45
[25/Nov/2013 00:48:09] "GET /activity/actstream_following_subset/10/1/0/20/ HTTP/1.1" 200 43559
[25/Nov/2013 00:48:09] "GET /static/img/1transparent.png HTTP/1.1" 301 0
[25/Nov/2013 00:48:09] "GET /static/img/1transparent.png/ HTTP/1.1" 404 1619
[25/Nov/2013 00:48:14] "GET /activity/actstream_following_subset/10/1/5/15/ HTTP/1.1" 200 4
[25/Nov/2013 00:48:33] "GET /accounts/logout/?next=/ HTTP/1.1" 302 0
[25/Nov/2013 00:48:33] "GET / HTTP/1.1" 200 51501
[25/Nov/2013 00:50:39] "GET /All/all/trendingstores/0/15/ HTTP/1.0" 404 1619
[25/Nov/2013 02:28:09] "GET http://www.baidu.com/ HTTP/1.1" 404 1630
Traceback (most recent call last):
  File "/usr/lib/python2.7/SocketServer.py", line 593, in process_request_thread
    self.finish_request(request, client_address)
  File "/usr/lib/python2.7/SocketServer.py", line 334, in finish_request
    self.RequestHandlerClass(request, client_address, self)
  File "/home/ubuntu/.virtualenvs/wishradioenv/local/lib/python2.7/site-packages/django/core/servers/basehttp.py", line 139, in __init__
    super(WSGIRequestHandler, self).__init__(*args, **kwargs)
  File "/usr/lib/python2.7/SocketServer.py", line 649, in __init__
    self.handle()
  File "/usr/lib/python2.7/wsgiref/simple_server.py", line 116, in handle
    self.raw_requestline = self.rfile.readline()
  File "/usr/lib/python2.7/socket.py", line 447, in readline
    data = self._sock.recv(self._rbufsize)
error: [Errno 104] Connection reset by peer
[25/Nov/2013 07:31:21] "GET http://91.188.124.233/index.html HTTP/1.1" 404 1663
[25/Nov/2013 07:39:21] "HEAD / HTTP/1.0" 200 0
[25/Nov/2013 09:42:12] "OPTIONS * HTTP/1.0" 404 1635
[25/Nov/2013 10:28:59] "GET / HTTP/1.1" 200 51487
[25/Nov/2013 10:29:05] "GET /static/img/wishRadioLogo.png HTTP/1.1" 301 0
[25/Nov/2013 10:29:06] "GET /static/img/wishRadioLogo.png/ HTTP/1.1" 404 1621
[25/Nov/2013 10:30:07] "GET /login-form/?next=/ HTTP/1.1" 200 17475
[25/Nov/2013 10:30:10] "GET /static/img/wishRadioLogo.png HTTP/1.1" 301 0
[25/Nov/2013 10:30:10] "GET /static/img/wishRadioLogo.png/ HTTP/1.1" 404 1621
[25/Nov/2013 10:33:52] "POST /login-form/?next=/ HTTP/1.1" 302 0
[25/Nov/2013 10:33:52] "GET / HTTP/1.1" 200 65538
[25/Nov/2013 10:33:56] "GET /static/img/1transparent.png HTTP/1.1" 301 0
[25/Nov/2013 10:33:56] "GET /static/img/wishRadioLogo.png HTTP/1.1" 301 0
[25/Nov/2013 10:33:56] "GET /static/img/1transparent.png/ HTTP/1.1" 404 1619
[25/Nov/2013 10:33:56] "GET /static/img/wishRadioLogo.png/ HTTP/1.1" 404 1621
[25/Nov/2013 10:34:03] "GET /activity/actstream_rebuild_cache/10/1/ HTTP/1.1" 200 45
[25/Nov/2013 10:34:05] "GET /activity/actstream_following_subset/10/1/0/20/ HTTP/1.1" 200 43577
[25/Nov/2013 10:34:40] "GET / HTTP/1.1" 200 51495
[25/Nov/2013 10:34:45] "GET /static/img/wishRadioLogo.png HTTP/1.1" 301 0
[25/Nov/2013 10:34:45] "GET /static/img/wishRadioLogo.png/ HTTP/1.1" 404 1621
[25/Nov/2013 10:35:08] "GET /login-form/?next=/ HTTP/1.1" 200 20097
[25/Nov/2013 10:35:14] "GET /static/img/wishRadioLogo.png HTTP/1.1" 301 0
[25/Nov/2013 10:35:14] "GET /static/img/1transparent.png HTTP/1.1" 301 0
[25/Nov/2013 10:35:14] "GET /static/img/1transparent.png/ HTTP/1.1" 404 1619
[25/Nov/2013 10:35:14] "GET /static/img/wishRadioLogo.png/ HTTP/1.1" 404 1621
[25/Nov/2013 10:35:48] "GET /getvendors/All/All/ HTTP/1.1" 200 42931
[25/Nov/2013 10:35:50] "GET /login-form/?next=/ HTTP/1.1" 200 17439
[25/Nov/2013 10:35:55] "GET /static/img/wishRadioLogo.png HTTP/1.1" 301 0
[25/Nov/2013 10:35:56] "GET /static/img/wishRadioLogo.png/ HTTP/1.1" 404 1621
[25/Nov/2013 10:35:58] "GET /static/img/wishRadioLogo.png/ HTTP/1.1" 404 1621
[25/Nov/2013 10:35:58] "GET /static/img/1transparent.png HTTP/1.1" 301 0
[25/Nov/2013 10:35:59] "GET /static/img/1transparent.png/ HTTP/1.1" 404 1619
[25/Nov/2013 10:36:02] "GET /static/img/wishRadioLogo.png/ HTTP/1.1" 404 1621
[25/Nov/2013 10:36:02] "GET /static/img/1transparent.png/ HTTP/1.1" 404 1619
[25/Nov/2013 10:36:08] "POST /login-form/?next=/ HTTP/1.1" 302 0
[25/Nov/2013 10:36:09] "GET / HTTP/1.1" 200 65548
[25/Nov/2013 10:36:33] "GET /static/img/1transparent.png HTTP/1.1" 301 0
[25/Nov/2013 10:36:33] "GET /static/img/wishRadioLogo.png HTTP/1.1" 301 0
[25/Nov/2013 10:36:33] "GET /static/img/1transparent.png/ HTTP/1.1" 404 1619
[25/Nov/2013 10:36:34] "GET /static/img/wishRadioLogo.png/ HTTP/1.1" 404 1621
[25/Nov/2013 10:36:36] "GET /activity/actstream_rebuild_cache/10/1/ HTTP/1.1" 200 45
[25/Nov/2013 10:36:38] "GET /activity/actstream_following_subset/10/1/0/20/ HTTP/1.1" 200 43570
[25/Nov/2013 10:36:53] "GET /all/all/trendingstores/15/20/?v=1 HTTP/1.1" 200 8203
[25/Nov/2013 10:36:58] "GET /all/all/trendingstores/20/25/?v=1 HTTP/1.1" 200 8175
[25/Nov/2013 10:37:05] "GET /reldata/6/4/ HTTP/1.1" 200 6541
[25/Nov/2013 10:37:07] "GET /activity/actstream_latest_activity_count/10/1/ HTTP/1.1" 200 29
/home/ubuntu/.virtualenvs/wishradioenv/local/lib/python2.7/site-packages/django/db/models/fields/__init__.py:808: RuntimeWarning: DateTimeField received a naive datetime (2013-11-25 05:07:16.555065) while time zone support is active.
  RuntimeWarning)
[25/Nov/2013 10:37:16] "GET /blog/chummabazzar/ HTTP/1.1" 200 40884
[25/Nov/2013 10:37:19] "GET /static/img/1transparent.png HTTP/1.1" 301 0
[25/Nov/2013 10:37:19] "GET /static/img/wishRadioLogo.png HTTP/1.1" 301 0
[25/Nov/2013 10:37:19] "GET /static/img/1transparent.png/ HTTP/1.1" 404 1619
[25/Nov/2013 10:37:19] "GET /static/img/wishRadioLogo.png/ HTTP/1.1" 404 1621
[25/Nov/2013 10:37:21] "GET /get_deallist/24/17/0/10/ HTTP/1.1" 200 103
[25/Nov/2013 10:37:21] "GET /gallery/user/chummabazzar_admin/albums/ HTTP/1.1" 200 476
/home/ubuntu/.virtualenvs/wishradioenv/local/lib/python2.7/site-packages/django/db/models/fields/__init__.py:808: RuntimeWarning: DateTimeField received a naive datetime (2013-11-18 05:07:22.222848) while time zone support is active.
  RuntimeWarning)
/home/ubuntu/.virtualenvs/wishradioenv/local/lib/python2.7/site-packages/django/db/models/fields/__init__.py:808: RuntimeWarning: DateTimeField received a naive datetime (2013-11-25 05:07:22.226157) while time zone support is active.
  RuntimeWarning)
/home/ubuntu/.virtualenvs/wishradioenv/local/lib/python2.7/site-packages/django/db/models/fields/__init__.py:808: RuntimeWarning: DateTimeField received a naive datetime (2013-11-25 05:07:22.233466) while time zone support is active.
  RuntimeWarning)
[25/Nov/2013 10:37:22] "POST /object/hit/ HTTP/1.1" 200 21
[25/Nov/2013 10:37:29] "GET /new/review/24/17/ HTTP/1.1" 200 5914
[25/Nov/2013 10:48:14] "GET / HTTP/1.1" 200 51483
[25/Nov/2013 11:00:21] "GET / HTTP/1.1" 200 51483
[25/Nov/2013 11:00:26] "GET /static/img/wishRadioLogo.png/ HTTP/1.1" 404 1621
[25/Nov/2013 11:01:13] "GET / HTTP/1.1" 200 51463
[25/Nov/2013 11:01:13] "GET /static/img/wishRadioLogo.png HTTP/1.1" 301 0
[25/Nov/2013 11:01:14] "GET /static/img/wishRadioLogo.png/ HTTP/1.1" 404 1621
[25/Nov/2013 11:01:18] "GET /static/img/wishRadioLogo.png/ HTTP/1.1" 404 1621
[25/Nov/2013 11:01:19] "GET /favicon.ico/ HTTP/1.1" 404 1587
[25/Nov/2013 11:01:26] "GET /Accessories/all/trendingreviews/0/10/ HTTP/1.1" 200 18
[25/Nov/2013 11:01:26] "GET /Accessories/all/trendingdeals/0/5/ HTTP/1.1" 200 18
[25/Nov/2013 11:01:26] "GET /Accessories/all/trendingstores/0/15/ HTTP/1.1" 200 1625
[25/Nov/2013 11:01:27] "GET /All/all/trendingreviews/0/10/ HTTP/1.1" 200 18
[25/Nov/2013 11:01:27] "GET /All/all/trendingdeals/0/5/ HTTP/1.1" 200 18
[25/Nov/2013 11:01:27] "GET /All/all/trendingstores/0/15/ HTTP/1.1" 200 24221
[25/Nov/2013 11:01:47] "GET /favicon.ico/ HTTP/1.1" 404 1587
[25/Nov/2013 11:01:47] "GET /getvendors/All/All/ HTTP/1.1" 200 42937
[25/Nov/2013 11:01:47] "GET /favicon.ico/ HTTP/1.1" 404 1587
[25/Nov/2013 11:01:48] "GET /static/img/wishRadioLogo.png/ HTTP/1.1" 404 1621
[25/Nov/2013 11:01:48] "GET /static/img/1transparent.png HTTP/1.1" 301 0
[25/Nov/2013 11:01:52] "GET /static/img/1transparent.png/ HTTP/1.1" 404 1619
[25/Nov/2013 11:01:56] "GET /static/img/wishRadioLogo.png/ HTTP/1.1" 404 1621
[25/Nov/2013 11:01:56] "GET /static/img/1transparent.png/ HTTP/1.1" 404 1619
[25/Nov/2013 11:01:57] "GET /favicon.ico/ HTTP/1.1" 404 1587
[25/Nov/2013 11:03:00] "GET /blog/funsexyyou/ HTTP/1.1" 200 31674
[25/Nov/2013 11:03:01] "GET /static/img/wishRadioLogo.png/ HTTP/1.1" 404 1621
[25/Nov/2013 11:03:01] "GET /static/img/1transparent.png/ HTTP/1.1" 404 1619
[25/Nov/2013 11:03:04] "POST /object/hit/ HTTP/1.1" 403 2282
[25/Nov/2013 11:03:04] "GET /get_deallist/24/149/0/10/ HTTP/1.1" 200 103
[25/Nov/2013 11:03:04] "GET /gallery/user/funsexyyou_admin/albums/ HTTP/1.1" 200 474
[25/Nov/2013 11:03:05] "GET /static/img/wishRadioLogo.png/ HTTP/1.1" 404 1621
[25/Nov/2013 11:03:05] "GET /static/img/1transparent.png/ HTTP/1.1" 404 1619
[25/Nov/2013 11:03:05] "GET /favicon.ico/ HTTP/1.1" 404 1587
[25/Nov/2013 11:03:13] "GET /login-form/?next=/blog/funsexyyou/ HTTP/1.1" 200 17529
[25/Nov/2013 11:03:14] "GET /static/img/wishRadioLogo.png HTTP/1.1" 301 0
[25/Nov/2013 11:03:14] "GET /static/img/wishRadioLogo.png/ HTTP/1.1" 404 1621
[25/Nov/2013 11:03:17] "GET /static/img/wishRadioLogo.png/ HTTP/1.1" 404 1621
[25/Nov/2013 11:03:18] "GET /favicon.ico/ HTTP/1.1" 404 1587
[25/Nov/2013 11:03:22] "GET /blog/funsexyyou/ HTTP/1.1" 200 31694
[25/Nov/2013 11:03:22] "GET /static/img/1transparent.png HTTP/1.1" 301 0
[25/Nov/2013 11:03:22] "GET /static/img/1transparent.png/ HTTP/1.1" 404 1619
/home/ubuntu/.virtualenvs/wishradioenv/local/lib/python2.7/site-packages/django/db/models/fields/__init__.py:808: RuntimeWarning: DateTimeField received a naive datetime (2013-11-18 05:33:26.577038) while time zone support is active.
  RuntimeWarning)
/home/ubuntu/.virtualenvs/wishradioenv/local/lib/python2.7/site-packages/django/db/models/fields/__init__.py:808: RuntimeWarning: DateTimeField received a naive datetime (2013-11-25 05:33:26.580840) while time zone support is active.
  RuntimeWarning)
/home/ubuntu/.virtualenvs/wishradioenv/local/lib/python2.7/site-packages/django/db/models/fields/__init__.py:808: RuntimeWarning: DateTimeField received a naive datetime (2013-11-25 05:33:26.591006) while time zone support is active.
  RuntimeWarning)
[25/Nov/2013 11:03:26] "POST /object/hit/ HTTP/1.1" 200 21
[25/Nov/2013 11:03:26] "GET /get_deallist/24/149/0/10/ HTTP/1.1" 200 103
[25/Nov/2013 11:03:26] "GET /gallery/user/funsexyyou_admin/albums/ HTTP/1.1" 200 474
[25/Nov/2013 11:03:27] "GET /favicon.ico/ HTTP/1.1" 404 1587
[25/Nov/2013 11:42:42] "GET / HTTP/1.0" 200 51461
[25/Nov/2013 11:42:42] "GET /static/img/wishRadioLogo.png HTTP/1.0" 301 0
[25/Nov/2013 11:42:43] "GET /static/img/wishRadioLogo.png/ HTTP/1.0" 404 1621
[25/Nov/2013 11:42:59] "GET /all/all/trendingstores/15/20/ HTTP/1.0" 200 8138
[25/Nov/2013 11:43:03] "GET /all/all/trendingstores/20/25/ HTTP/1.0" 200 8110
[25/Nov/2013 11:43:05] "GET /login-form/?next=/ HTTP/1.0" 200 17451
[25/Nov/2013 11:43:05] "GET /static/img/wishRadioLogo.png/ HTTP/1.0" 404 1621
[25/Nov/2013 11:43:41] "POST /login-form/?next=/ HTTP/1.0" 302 0
[25/Nov/2013 11:43:42] "GET / HTTP/1.0" 200 65520
[25/Nov/2013 11:43:42] "GET /static/img/1transparent.png HTTP/1.0" 301 0
[25/Nov/2013 11:43:42] "GET /static/img/wishRadioLogo.png/ HTTP/1.0" 404 1621
[25/Nov/2013 11:43:43] "GET /static/img/1transparent.png/ HTTP/1.0" 404 1619
[25/Nov/2013 11:43:47] "GET /activity/actstream_rebuild_cache/10/1/ HTTP/1.0" 200 45
[25/Nov/2013 11:43:49] "GET /activity/actstream_following_subset/10/1/0/20/ HTTP/1.0" 200 43572
[25/Nov/2013 11:43:52] "GET /activity/actstream_following_subset/10/1/5/15/ HTTP/1.0" 200 4
[25/Nov/2013 11:44:00] "GET /all/all/trendingstores/15/20/?v=1 HTTP/1.0" 200 8203
[25/Nov/2013 11:44:14] "GET /blog/fashionara/ HTTP/1.0" 200 43686
[25/Nov/2013 11:44:15] "GET /static/img/wishRadioLogo.png/ HTTP/1.0" 404 1621
[25/Nov/2013 11:44:15] "GET /static/img/1transparent.png/ HTTP/1.0" 404 1619
/home/ubuntu/.virtualenvs/wishradioenv/local/lib/python2.7/site-packages/django/db/models/fields/__init__.py:808: RuntimeWarning: DateTimeField received a naive datetime (2013-11-18 06:14:18.287029) while time zone support is active.
  RuntimeWarning)
/home/ubuntu/.virtualenvs/wishradioenv/local/lib/python2.7/site-packages/django/db/models/fields/__init__.py:808: RuntimeWarning: DateTimeField received a naive datetime (2013-11-25 06:14:18.300307) while time zone support is active.
  RuntimeWarning)
/home/ubuntu/.virtualenvs/wishradioenv/local/lib/python2.7/site-packages/django/db/models/fields/__init__.py:808: RuntimeWarning: DateTimeField received a naive datetime (2013-11-25 06:14:18.318060) while time zone support is active.
  RuntimeWarning)
[25/Nov/2013 11:44:18] "POST /object/hit/ HTTP/1.0" 200 21
[25/Nov/2013 11:44:18] "GET /get_deallist/24/13/0/10/ HTTP/1.0" 200 103
[25/Nov/2013 11:44:18] "GET /gallery/user/fashionara_admin/albums/ HTTP/1.0" 200 474
[25/Nov/2013 11:44:21] "GET /new/review/24/13/ HTTP/1.0" 200 5912
[25/Nov/2013 11:44:37] "GET /users/2ba91fbd-0c50-4fa6-adc2/ HTTP/1.0" 200 31865
[25/Nov/2013 11:44:38] "GET /static/img/wishRadioLogo.png/ HTTP/1.0" 404 1621
[25/Nov/2013 11:44:39] "GET /static/img/edit.png HTTP/1.0" 301 0
[25/Nov/2013 11:44:39] "GET /static/img/edit.png/ HTTP/1.0" 404 1603
[25/Nov/2013 11:44:39] "GET /static/img/1transparent.png/ HTTP/1.0" 404 1619
[25/Nov/2013 11:44:42] "GET /get_wishlist/10/1/0/10/ HTTP/1.0" 200 7344
[25/Nov/2013 11:44:44] "GET /activity/actstream_actor_subset/10/1/0/10/ HTTP/1.0" 200 68596
[25/Nov/2013 11:44:57] "GET /reldata/6/4/ HTTP/1.0" 200 6568
[25/Nov/2013 11:45:00] "GET /activity/actstream_actor_subset/10/1/10/15/ HTTP/1.0" 200 4
[25/Nov/2013 11:45:00] "GET /activity/actstream_actor_subset/10/1/15/20/ HTTP/1.0" 200 4
[25/Nov/2013 11:45:06] "GET /getvendors/All/All/ HTTP/1.0" 200 46817
[25/Nov/2013 11:45:06] "GET /static/img/1transparent.png/ HTTP/1.0" 404 1619
[25/Nov/2013 11:45:06] "GET /static/img/wishRadioLogo.png/ HTTP/1.0" 404 1621
/home/ubuntu/.virtualenvs/wishradioenv/local/lib/python2.7/site-packages/django/db/models/fields/__init__.py:808: RuntimeWarning: DateTimeField received a naive datetime (2013-11-25 06:15:13.863158) while time zone support is active.
  RuntimeWarning)
/home/ubuntu/.virtualenvs/wishradioenv/local/lib/python2.7/site-packages/django/db/models/fields/__init__.py:808: RuntimeWarning: DateTimeField received a naive datetime (2013-11-25 06:15:13.884361) while time zone support is active.
  RuntimeWarning)
/home/ubuntu/.virtualenvs/wishradioenv/local/lib/python2.7/site-packages/django/db/models/fields/__init__.py:808: RuntimeWarning: DateTimeField received a naive datetime (2013-11-25 06:15:13.901858) while time zone support is active.
  RuntimeWarning)
/home/ubuntu/.virtualenvs/wishradioenv/local/lib/python2.7/site-packages/django/db/models/fields/__init__.py:808: RuntimeWarning: DateTimeField received a naive datetime (2013-11-25 06:15:13.918190) while time zone support is active.
  RuntimeWarning)
/home/ubuntu/.virtualenvs/wishradioenv/local/lib/python2.7/site-packages/django/db/models/fields/__init__.py:808: RuntimeWarning: DateTimeField received a naive datetime (2013-11-25 06:15:13.934916) while time zone support is active.
  RuntimeWarning)
/home/ubuntu/.virtualenvs/wishradioenv/local/lib/python2.7/site-packages/django/db/models/fields/__init__.py:808: RuntimeWarning: DateTimeField received a naive datetime (2013-11-25 06:15:13.952690) while time zone support is active.
  RuntimeWarning)
/home/ubuntu/.virtualenvs/wishradioenv/local/lib/python2.7/site-packages/django/db/models/fields/__init__.py:808: RuntimeWarning: DateTimeField received a naive datetime (2013-11-25 06:15:13.968675) while time zone support is active.
  RuntimeWarning)
/home/ubuntu/.virtualenvs/wishradioenv/local/lib/python2.7/site-packages/django/db/models/fields/__init__.py:808: RuntimeWarning: DateTimeField received a naive datetime (2013-11-25 06:15:13.984635) while time zone support is active.
  RuntimeWarning)
/home/ubuntu/.virtualenvs/wishradioenv/local/lib/python2.7/site-packages/django/db/models/fields/__init__.py:808: RuntimeWarning: DateTimeField received a naive datetime (2013-11-25 06:15:14.000701) while time zone support is active.
  RuntimeWarning)
[25/Nov/2013 11:45:14] "GET /getvendors/All/All/?page=6 HTTP/1.0" 200 46600
[25/Nov/2013 11:45:14] "GET /static/img/1transparent.png/ HTTP/1.0" 404 1619
[25/Nov/2013 11:45:14] "GET /static/img/wishRadioLogo.png/ HTTP/1.0" 404 1621
[25/Nov/2013 11:47:47] "GET / HTTP/1.0" 200 51483
[25/Nov/2013 11:47:47] "GET /static/img/wishRadioLogo.png HTTP/1.0" 301 0
[25/Nov/2013 11:47:47] "GET /static/img/wishRadioLogo.png/ HTTP/1.0" 404 1621
[25/Nov/2013 11:48:03] "GET /blog/femella/ HTTP/1.0" 200 32226
[25/Nov/2013 11:48:03] "GET /static/img/1transparent.png HTTP/1.0" 301 0
[25/Nov/2013 11:48:03] "GET /static/img/wishRadioLogo.png/ HTTP/1.0" 404 1621
[25/Nov/2013 11:48:03] "GET /static/img/1transparent.png/ HTTP/1.0" 404 1619
[25/Nov/2013 11:48:05] "POST /object/hit/ HTTP/1.0" 403 2282
[25/Nov/2013 11:48:05] "GET /gallery/user/femella_admin/albums/ HTTP/1.0" 200 471
[25/Nov/2013 11:48:05] "GET /get_deallist/24/2/0/10/ HTTP/1.0" 200 103
[25/Nov/2013 11:48:13] "GET /login-form/?next=/blog/femella/ HTTP/1.0" 200 17533
[25/Nov/2013 11:48:13] "GET /static/img/wishRadioLogo.png/ HTTP/1.0" 404 1621
[25/Nov/2013 11:48:17] "GET / HTTP/1.0" 200 51479
[25/Nov/2013 11:48:17] "GET /static/img/wishRadioLogo.png/ HTTP/1.0" 404 1621
[25/Nov/2013 11:49:01] "GET /blog/femella/ HTTP/1.0" 200 32218
[25/Nov/2013 11:49:02] "GET /static/img/1transparent.png/ HTTP/1.0" 404 1619
[25/Nov/2013 11:49:02] "GET /static/img/wishRadioLogo.png/ HTTP/1.0" 404 1621
[25/Nov/2013 11:49:03] "GET /get_deallist/24/2/0/10/ HTTP/1.0" 200 103
[25/Nov/2013 11:49:03] "GET /gallery/user/femella_admin/albums/ HTTP/1.0" 200 471
/home/ubuntu/.virtualenvs/wishradioenv/local/lib/python2.7/site-packages/django/db/models/fields/__init__.py:808: RuntimeWarning: DateTimeField received a naive datetime (2013-11-18 06:19:27.927361) while time zone support is active.
  RuntimeWarning)
/home/ubuntu/.virtualenvs/wishradioenv/local/lib/python2.7/site-packages/django/db/models/fields/__init__.py:808: RuntimeWarning: DateTimeField received a naive datetime (2013-11-25 06:19:27.930400) while time zone support is active.
  RuntimeWarning)
/home/ubuntu/.virtualenvs/wishradioenv/local/lib/python2.7/site-packages/django/db/models/fields/__init__.py:808: RuntimeWarning: DateTimeField received a naive datetime (2013-11-25 06:19:27.938189) while time zone support is active.
  RuntimeWarning)
[25/Nov/2013 11:49:27] "POST /object/hit/ HTTP/1.0" 200 21
[25/Nov/2013 11:54:33] "GET / HTTP/1.0" 200 51495
[25/Nov/2013 11:54:36] "GET /static/img/wishRadioLogo.png HTTP/1.0" 301 0
[25/Nov/2013 11:54:37] "GET /static/img/wishRadioLogo.png/ HTTP/1.0" 404 1621
[25/Nov/2013 11:54:49] "GET /getvendors/All/All/ HTTP/1.0" 200 42951
[25/Nov/2013 11:54:51] "GET /static/img/wishRadioLogo.png/ HTTP/1.0" 404 1621
[25/Nov/2013 11:54:51] "GET /static/img/1transparent.png HTTP/1.0" 301 0
[25/Nov/2013 11:54:51] "GET /static/img/1transparent.png/ HTTP/1.0" 404 1619
[25/Nov/2013 11:54:54] "GET /static/img/1transparent.png/ HTTP/1.0" 404 1619
[25/Nov/2013 11:54:54] "GET /static/img/wishRadioLogo.png/ HTTP/1.0" 404 1621
[25/Nov/2013 11:54:59] "GET /blog/fashionara/ HTTP/1.0" 200 32784
[25/Nov/2013 11:55:01] "GET /static/img/wishRadioLogo.png/ HTTP/1.0" 404 1621
[25/Nov/2013 11:55:01] "GET /static/img/1transparent.png/ HTTP/1.0" 404 1619
[25/Nov/2013 11:55:04] "POST /object/hit/ HTTP/1.0" 403 2282
[25/Nov/2013 11:55:04] "GET /static/img/1transparent.png/ HTTP/1.0" 404 1619
[25/Nov/2013 11:55:04] "GET /static/img/wishRadioLogo.png/ HTTP/1.0" 404 1621
[25/Nov/2013 11:55:04] "GET /get_deallist/24/13/0/10/ HTTP/1.0" 200 103
[25/Nov/2013 11:55:04] "GET /gallery/user/fashionara_admin/albums/ HTTP/1.0" 200 474
[25/Nov/2013 11:55:07] "GET /login-form/?next=/blog/fashionara/ HTTP/1.0" 200 17537
[25/Nov/2013 11:55:10] "GET /static/img/wishRadioLogo.png HTTP/1.0" 301 0
[25/Nov/2013 11:55:10] "GET /static/img/wishRadioLogo.png/ HTTP/1.0" 404 1621
[25/Nov/2013 11:55:11] "GET /static/img/wishRadioLogo.png/ HTTP/1.0" 404 1621
[25/Nov/2013 11:55:13] "GET /blog/fashionara/ HTTP/1.0" 200 32764
[25/Nov/2013 11:55:15] "GET /static/img/1transparent.png HTTP/1.0" 301 0
/home/ubuntu/.virtualenvs/wishradioenv/local/lib/python2.7/site-packages/django/db/models/fields/__init__.py:808: RuntimeWarning: DateTimeField received a naive datetime (2013-11-18 06:25:15.506983) while time zone support is active.
  RuntimeWarning)
/home/ubuntu/.virtualenvs/wishradioenv/local/lib/python2.7/site-packages/django/db/models/fields/__init__.py:808: RuntimeWarning: DateTimeField received a naive datetime (2013-11-25 06:25:15.519039) while time zone support is active.
  RuntimeWarning)
/home/ubuntu/.virtualenvs/wishradioenv/local/lib/python2.7/site-packages/django/db/models/fields/__init__.py:808: RuntimeWarning: DateTimeField received a naive datetime (2013-11-25 06:25:15.557767) while time zone support is active.
  RuntimeWarning)
[25/Nov/2013 11:55:15] "POST /object/hit/ HTTP/1.0" 200 21
[25/Nov/2013 11:55:15] "GET /get_deallist/24/13/0/10/ HTTP/1.0" 200 103
[25/Nov/2013 11:55:15] "GET /gallery/user/fashionara_admin/albums/ HTTP/1.0" 200 474
[25/Nov/2013 11:55:15] "GET /static/img/1transparent.png/ HTTP/1.0" 404 1619
[25/Nov/2013 11:55:42] "GET /blog/fashionara/ HTTP/1.0" 200 32776
[25/Nov/2013 11:55:44] "GET /static/img/wishRadioLogo.png HTTP/1.0" 301 0
[25/Nov/2013 11:55:45] "GET /static/img/1transparent.png HTTP/1.0" 301 0
[25/Nov/2013 11:55:45] "GET /static/img/wishRadioLogo.png/ HTTP/1.0" 404 1621
/home/ubuntu/.virtualenvs/wishradioenv/local/lib/python2.7/site-packages/django/db/models/fields/__init__.py:808: RuntimeWarning: DateTimeField received a naive datetime (2013-11-18 06:25:45.321401) while time zone support is active.
  RuntimeWarning)
[25/Nov/2013 11:55:45] "POST /object/hit/ HTTP/1.0" 200 29
[25/Nov/2013 11:55:45] "GET /get_deallist/24/13/0/10/ HTTP/1.0" 200 103
[25/Nov/2013 11:55:45] "GET /static/img/1transparent.png/ HTTP/1.0" 404 1619
[25/Nov/2013 11:55:45] "GET /gallery/user/fashionara_admin/albums/ HTTP/1.0" 200 474
[25/Nov/2013 11:57:11] "GET / HTTP/1.0" 200 51475
[25/Nov/2013 11:57:16] "GET /static/img/wishRadioLogo.png HTTP/1.0" 301 0
[25/Nov/2013 11:57:16] "GET /static/img/wishRadioLogo.png/ HTTP/1.0" 404 1621
[25/Nov/2013 11:57:20] "GET /all/all/trendingstores/15/20/ HTTP/1.0" 200 8138
[25/Nov/2013 11:57:24] "GET /Accessories/all/trendingdeals/0/5/ HTTP/1.0" 200 18
[25/Nov/2013 11:57:24] "GET /Accessories/all/trendingstores/0/15/ HTTP/1.0" 200 1625
[25/Nov/2013 11:57:24] "GET /Accessories/all/trendingreviews/0/10/ HTTP/1.0" 200 18
[25/Nov/2013 11:57:25] "GET /Coupons/all/trendingreviews/0/10/ HTTP/1.0" 200 18
[25/Nov/2013 11:57:25] "GET /Coupons/all/trendingstores/0/15/ HTTP/1.0" 200 18
[25/Nov/2013 11:57:25] "GET /Coupons/all/trendingdeals/0/5/ HTTP/1.0" 200 18
[25/Nov/2013 11:57:26] "GET /All/all/trendingdeals/0/5/ HTTP/1.0" 200 18
[25/Nov/2013 11:57:26] "GET /All/all/trendingreviews/0/10/ HTTP/1.0" 200 18
[25/Nov/2013 11:57:27] "GET /All/all/trendingstores/0/15/ HTTP/1.0" 200 24221
[25/Nov/2013 11:57:32] "GET /getvendors/All/All/ HTTP/1.0" 200 42943
[25/Nov/2013 11:57:34] "GET /static/img/1transparent.png HTTP/1.0" 301 0
[25/Nov/2013 11:57:34] "GET /static/img/wishRadioLogo.png/ HTTP/1.0" 404 1621
[25/Nov/2013 11:57:35] "GET /static/img/1transparent.png/ HTTP/1.0" 404 1619
[25/Nov/2013 11:57:38] "GET /blog/3closets/ HTTP/1.0" 200 31791
[25/Nov/2013 11:57:40] "POST /object/hit/ HTTP/1.0" 403 2282
[25/Nov/2013 11:57:40] "GET /static/img/1transparent.png/ HTTP/1.0" 404 1619
[25/Nov/2013 11:57:40] "GET /static/img/wishRadioLogo.png/ HTTP/1.0" 404 1621
[25/Nov/2013 11:57:40] "GET /get_deallist/24/12/0/10/ HTTP/1.0" 200 103
[25/Nov/2013 11:57:40] "GET /gallery/user/3closets_admin/albums/ HTTP/1.0" 200 472
[25/Nov/2013 11:57:45] "GET /comment_thread_most_recent_view/12/0/10/ HTTP/1.0" 200 738
[25/Nov/2013 11:57:47] "GET /login-form/?next=/blog/3closets/ HTTP/1.0" 200 17527
[25/Nov/2013 11:57:52] "GET /static/img/wishRadioLogo.png/ HTTP/1.0" 404 1621
[25/Nov/2013 12:03:01] "GET / HTTP/1.0" 200 51483
[25/Nov/2013 12:03:02] "GET /static/img/wishRadioLogo.png HTTP/1.0" 301 0
[25/Nov/2013 12:03:02] "GET /static/img/wishRadioLogo.png/ HTTP/1.0" 404 1621
[25/Nov/2013 12:03:03] "GET /static/img/wishRadioLogo.png/ HTTP/1.0" 404 1621
[25/Nov/2013 13:29:07] "HEAD / HTTP/1.0" 200 0
[25/Nov/2013 14:14:04] "GET / HTTP/1.0" 200 51489
[25/Nov/2013 14:14:06] "GET /static/img/wishRadioLogo.png HTTP/1.0" 301 0
[25/Nov/2013 14:14:06] "GET /static/img/wishRadioLogo.png/ HTTP/1.0" 404 1621
[25/Nov/2013 14:28:17] "GET / HTTP/1.0" 200 51495
[25/Nov/2013 14:28:17] "GET /static/img/wishRadioLogo.png HTTP/1.0" 301 0
[25/Nov/2013 14:28:17] "GET /static/img/wishRadioLogo.png/ HTTP/1.0" 404 1621
